{
  "Cucumber Features": {
    "coverage": {
      "/Users/DanDevOps/Desktop/Web design/MyCodeCraft/content_catalogue/app/controllers/videos_controller.rb": [
        1,
        null,
        1,
        null,
        null,
        null,
        null,
        null,
        null,
        null,
        null,
        null,
        null,
        null,
        13,
        13,
        null,
        13,
        13,
        13,
        null,
        null,
        null,
        null,
        0,
        0,
        null,
        null,
        null,
        null,
        1,
        6,
        6,
        6,
        6,
        null,
        null,
        null,
        1,
        3,
        3,
        3,
        3,
        3,
        3,
        3,
        null,
        0,
        0,
        null,
        null,
        null,
        null,
        null,
        1,
        2,
        null,
        null,
        1,
        1,
        1,
        1,
        1,
        null,
        null,
        null,
        1,
        1,
        1,
        1,
        1,
        null,
        0,
        null,
        null,
        null,
        1,
        null,
        1,
        null,
        4,
        null,
        null,
        null,
        null,
        null,
        null,
        null,
        null,
        null,
        null,
        null,
        null,
        null,
        null,
        null
      ],
      "/Users/DanDevOps/Desktop/Web design/MyCodeCraft/content_catalogue/app/models/video.rb": [
        1,
        1,
        null,
        1,
        1,
        1,
        null,
        1,
        1,
        1,
        1,
        null,
        1,
        0,
        null,
        1,
        0,
        null,
        1,
        0,
        null,
        1,
        0,
        null,
        null,
        1,
        0,
        null,
        null,
        1,
        0,
        null,
        null,
        1,
        13,
        13,
        null,
        13,
        null,
        0,
        null,
        0,
        null,
        0,
        null,
        0,
        null,
        null,
        null,
        1,
        0,
        null,
        null,
        null,
        1,
        0,
        0,
        0,
        0,
        null,
        0,
        null,
        null,
        0,
        null,
        null,
        null,
        0,
        null,
        0,
        0,
        null,
        null,
        null,
        1,
        null,
        null,
        null,
        null,
        null,
        null,
        null,
        null,
        null,
        null,
        null,
        1,
        null,
        13,
        null,
        null,
        null,
        null,
        null,
        null,
        null,
        null,
        null,
        null,
        null
      ],
      "/Users/DanDevOps/Desktop/Web design/MyCodeCraft/content_catalogue/app/models/comedian.rb": [
        1,
        null,
        1,
        1,
        null,
        1,
        38,
        null,
        null,
        null,
        null
      ],
      "/Users/DanDevOps/Desktop/Web design/MyCodeCraft/content_catalogue/app/models/publisher.rb": [
        1,
        null,
        1,
        1,
        null,
        1,
        38,
        null,
        null,
        null
      ],
      "/Users/DanDevOps/Desktop/Web design/MyCodeCraft/content_catalogue/app/models/category.rb": [
        1,
        null,
        1,
        null,
        1,
        null,
        1,
        33,
        null,
        null,
        null
      ],
      "/Users/DanDevOps/Desktop/Web design/MyCodeCraft/content_catalogue/app/controllers/categories_controller.rb": [
        1,
        null,
        1,
        0,
        null,
        null,
        1,
        2,
        null,
        null,
        1,
        1,
        1,
        1,
        1,
        null,
        0,
        0,
        null,
        null,
        null,
        1,
        null,
        1,
        1,
        null,
        null,
        null,
        null
      ],
      "/Users/DanDevOps/Desktop/Web design/MyCodeCraft/content_catalogue/app/controllers/comedians_controller.rb": [
        1,
        null,
        1,
        0,
        null,
        null,
        1,
        2,
        null,
        null,
        1,
        1,
        1,
        1,
        1,
        null,
        0,
        0,
        null,
        null,
        null,
        null,
        1,
        null,
        1,
        null,
        null,
        null,
        null
      ],
      "/Users/DanDevOps/Desktop/Web design/MyCodeCraft/content_catalogue/app/controllers/publishers_controller.rb": [
        1,
        null,
        1,
        0,
        null,
        null,
        1,
        2,
        null,
        null,
        1,
        1,
        1,
        1,
        1,
        null,
        0,
        null,
        null,
        null,
        null,
        1,
        null,
        1,
        null,
        1,
        null,
        null,
        null,
        null,
        null,
        null
      ],
      "/Users/DanDevOps/Desktop/Web design/MyCodeCraft/content_catalogue/app/controllers/user_controller.rb": [
        1,
        null,
        1,
        null,
        1,
        2,
        null,
        null,
        null,
        1,
        1,
        1,
        1,
        1,
        null,
        0,
        0,
        null,
        null,
        null,
        null,
        1,
        null,
        1,
        null,
        1,
        null,
        null,
        null,
        null,
        null,
        null,
        null
      ],
      "/Users/DanDevOps/Desktop/Web design/MyCodeCraft/content_catalogue/app/channels/application_cable/channel.rb": [
        0,
        0,
        0,
        0
      ],
      "/Users/DanDevOps/Desktop/Web design/MyCodeCraft/content_catalogue/app/channels/application_cable/connection.rb": [
        0,
        0,
        0,
        0
      ],
      "/Users/DanDevOps/Desktop/Web design/MyCodeCraft/content_catalogue/app/controllers/application_controller.rb": [
        0,
        0,
        null,
        0,
        null,
        0,
        null,
        null,
        0,
        0,
        0,
        null,
        0,
        0,
        0,
        null,
        0,
        null,
        0,
        0,
        0,
        0,
        0,
        null,
        0,
        0,
        0,
        0,
        0,
        0,
        0,
        0,
        0,
        null,
        0,
        null,
        null,
        null
      ],
      "/Users/DanDevOps/Desktop/Web design/MyCodeCraft/content_catalogue/app/controllers/home_controller.rb": [
        0,
        null,
        0,
        0,
        0,
        null,
        0
      ],
      "/Users/DanDevOps/Desktop/Web design/MyCodeCraft/content_catalogue/app/controllers/pages_controller.rb": [
        0,
        0,
        0,
        0,
        0
      ],
      "/Users/DanDevOps/Desktop/Web design/MyCodeCraft/content_catalogue/app/helpers/application_helper.rb": [
        0,
        null,
        0
      ],
      "/Users/DanDevOps/Desktop/Web design/MyCodeCraft/content_catalogue/app/jobs/application_job.rb": [
        0,
        0
      ],
      "/Users/DanDevOps/Desktop/Web design/MyCodeCraft/content_catalogue/app/mailers/application_mailer.rb": [
        0,
        0,
        0,
        0
      ],
      "/Users/DanDevOps/Desktop/Web design/MyCodeCraft/content_catalogue/app/models/application_record.rb": [
        0,
        0,
        0
      ],
      "/Users/DanDevOps/Desktop/Web design/MyCodeCraft/content_catalogue/app/models/user.rb": [
        0,
        null,
        null,
        0,
        null,
        0,
        0,
        null,
        0,
        null,
        0,
        null,
        null
      ]
    },
    "timestamp": 1508939406
  },
  "RSpec": {
    "coverage": {
      "/Users/DanDevOps/Desktop/Web design/MyCodeCraft/content_catalogue/app/models/category.rb": [
        1,
        null,
        1,
        null,
        1,
        null,
        1,
        0,
        null,
        null,
        null
      ],
      "/Users/DanDevOps/Desktop/Web design/MyCodeCraft/content_catalogue/app/models/comedian.rb": [
        1,
        null,
        1,
        1,
        null,
        1,
        0,
        null,
        null,
        null,
        null
      ],
      "/Users/DanDevOps/Desktop/Web design/MyCodeCraft/content_catalogue/app/models/publisher.rb": [
        1,
        null,
        1,
        1,
        null,
        1,
        0,
        null,
        null,
        null
      ],
      "/Users/DanDevOps/Desktop/Web design/MyCodeCraft/content_catalogue/app/models/video.rb": [
        1,
        1,
        null,
        1,
        1,
        1,
        null,
        1,
        1,
        1,
        1,
        null,
        1,
        0,
        null,
        1,
        0,
        null,
        1,
        0,
        null,
        1,
        0,
        null,
        null,
        1,
        0,
        null,
        null,
        1,
        0,
        null,
        null,
        1,
        0,
        0,
        null,
        0,
        null,
        0,
        null,
        0,
        null,
        0,
        null,
        0,
        null,
        null,
        null,
        1,
        0,
        null,
        null,
        null,
        1,
        0,
        0,
        0,
        0,
        null,
        0,
        null,
        null,
        0,
        null,
        null,
        null,
        0,
        null,
        0,
        0,
        null,
        null,
        null,
        1,
        null,
        null,
        null,
        null,
        null,
        null,
        null,
        null,
        null,
        null,
        null,
        1,
        null,
        0,
        null,
        null,
        null,
        null,
        null,
        null,
        null,
        null,
        null,
        null,
        null
      ],
      "/Users/DanDevOps/Desktop/Web design/MyCodeCraft/content_catalogue/app/channels/application_cable/channel.rb": [
        0,
        0,
        0,
        0
      ],
      "/Users/DanDevOps/Desktop/Web design/MyCodeCraft/content_catalogue/app/channels/application_cable/connection.rb": [
        0,
        0,
        0,
        0
      ],
      "/Users/DanDevOps/Desktop/Web design/MyCodeCraft/content_catalogue/app/controllers/application_controller.rb": [
        0,
        0,
        null,
        0,
        null,
        0,
        null,
        null,
        0,
        0,
        0,
        null,
        0,
        0,
        0,
        null,
        0,
        null,
        0,
        0,
        0,
        0,
        0,
        null,
        0,
        0,
        0,
        0,
        0,
        0,
        0,
        0,
        0,
        null,
        0,
        null,
        null,
        null
      ],
      "/Users/DanDevOps/Desktop/Web design/MyCodeCraft/content_catalogue/app/controllers/categories_controller.rb": [
        0,
        null,
        0,
        0,
        0,
        null,
        0,
        0,
        0,
        null,
        0,
        0,
        0,
        0,
        0,
        0,
        0,
        0,
        0,
        0,
        null,
        0,
        null,
        0,
        0,
        0,
        0,
        null,
        null
      ],
      "/Users/DanDevOps/Desktop/Web design/MyCodeCraft/content_catalogue/app/controllers/comedians_controller.rb": [
        0,
        null,
        0,
        0,
        0,
        null,
        0,
        0,
        0,
        null,
        0,
        0,
        0,
        0,
        0,
        0,
        0,
        0,
        0,
        0,
        null,
        null,
        0,
        0,
        0,
        0,
        null,
        0,
        null
      ],
      "/Users/DanDevOps/Desktop/Web design/MyCodeCraft/content_catalogue/app/controllers/home_controller.rb": [
        0,
        null,
        0,
        0,
        0,
        null,
        0
      ],
      "/Users/DanDevOps/Desktop/Web design/MyCodeCraft/content_catalogue/app/controllers/pages_controller.rb": [
        0,
        0,
        0,
        0,
        0
      ],
      "/Users/DanDevOps/Desktop/Web design/MyCodeCraft/content_catalogue/app/controllers/publishers_controller.rb": [
        0,
        null,
        0,
        0,
        0,
        null,
        0,
        0,
        0,
        null,
        0,
        0,
        0,
        0,
        0,
        0,
        0,
        0,
        0,
        null,
        null,
        0,
        null,
        0,
        0,
        0,
        0,
        0,
        null,
        null,
        null,
        null
      ],
      "/Users/DanDevOps/Desktop/Web design/MyCodeCraft/content_catalogue/app/controllers/user_controller.rb": [
        0,
        null,
        0,
        null,
        0,
        0,
        0,
        null,
        null,
        0,
        0,
        0,
        0,
        0,
        0,
        0,
        0,
        0,
        0,
        null,
        null,
        0,
        null,
        0,
        0,
        0,
        0,
        0,
        0,
        0,
        0,
        0,
        0
      ],
      "/Users/DanDevOps/Desktop/Web design/MyCodeCraft/content_catalogue/app/controllers/videos_controller.rb": [
        0,
        null,
        0,
        0,
        0,
        0,
        0,
        0,
        0,
        0,
        0,
        0,
        0,
        0,
        0,
        0,
        null,
        0,
        0,
        0,
        0,
        null,
        0,
        null,
        0,
        0,
        0,
        null,
        null,
        null,
        0,
        0,
        0,
        0,
        0,
        0,
        null,
        null,
        0,
        0,
        0,
        0,
        0,
        0,
        0,
        0,
        0,
        0,
        0,
        0,
        null,
        0,
        null,
        null,
        0,
        0,
        0,
        null,
        0,
        0,
        0,
        0,
        0,
        null,
        0,
        null,
        0,
        0,
        0,
        0,
        0,
        0,
        0,
        0,
        0,
        null,
        0,
        null,
        0,
        0,
        0,
        0,
        0,
        0,
        0,
        0,
        0,
        0,
        0,
        0,
        null,
        0,
        null,
        null,
        null,
        null
      ],
      "/Users/DanDevOps/Desktop/Web design/MyCodeCraft/content_catalogue/app/helpers/application_helper.rb": [
        0,
        null,
        0
      ],
      "/Users/DanDevOps/Desktop/Web design/MyCodeCraft/content_catalogue/app/jobs/application_job.rb": [
        0,
        0
      ],
      "/Users/DanDevOps/Desktop/Web design/MyCodeCraft/content_catalogue/app/mailers/application_mailer.rb": [
        0,
        0,
        0,
        0
      ],
      "/Users/DanDevOps/Desktop/Web design/MyCodeCraft/content_catalogue/app/models/application_record.rb": [
        0,
        0,
        0
      ],
      "/Users/DanDevOps/Desktop/Web design/MyCodeCraft/content_catalogue/app/models/user.rb": [
        0,
        null,
        null,
        0,
        null,
        0,
        0,
        null,
        0,
        null,
        0,
        null,
        null
      ]
    },
    "timestamp": 1508939392
  }
}
