{
  "Cucumber Features": {
    "coverage": {
      "/Users/DanDevOps/Desktop/Web design/MyCodeCraft/content_catalogue/app/controllers/videos_controller.rb": [
        1,
        null,
        1,
        null,
        null,
        null,
        null,
        null,
        null,
        null,
        null,
        null,
        null,
        null,
        11,
        11,
        null,
        11,
        11,
        11,
        null,
        null,
        null,
        null,
        0,
        0,
        null,
        null,
        null,
        null,
        1,
        4,
        4,
        4,
        4,
        null,
        null,
        null,
        1,
        2,
        2,
        2,
        2,
        2,
        2,
        2,
        null,
        0,
        0,
        null,
        null,
        null,
        null,
        null,
        1,
        1,
        null,
        null,
        null,
        1,
        null,
        1,
        null,
        2,
        null,
        null,
        null,
        null,
        null,
        null,
        null,
        null,
        null,
        null,
        null,
        null,
        null,
        null,
        null
      ],
      "/Users/DanDevOps/Desktop/Web design/MyCodeCraft/content_catalogue/app/models/video.rb": [
        1,
        1,
        null,
        1,
        1,
        1,
        null,
        1,
        1,
        1,
        1,
        null,
        1,
        0,
        null,
        1,
        0,
        null,
        1,
        0,
        null,
        1,
        0,
        null,
        null,
        1,
        0,
        null,
        null,
        1,
        0,
        null,
        null,
        1,
        11,
        11,
        null,
        11,
        null,
        0,
        null,
        0,
        null,
        0,
        null,
        0,
        null,
        null,
        null,
        1,
        0,
        null,
        null,
        null,
        1,
        0,
        0,
        0,
        0,
        null,
        0,
        null,
        null,
        0,
        null,
        null,
        null,
        0,
        null,
        0,
        0,
        null,
        null,
        null,
        1,
        null,
        null,
        null,
        null,
        null,
        null,
        null,
        null,
        null,
        null,
        null,
        1,
        null,
        11,
        null,
        null,
        null,
        null,
        null,
        null,
        null,
        null,
        null,
        null,
        null
      ],
      "/Users/DanDevOps/Desktop/Web design/MyCodeCraft/content_catalogue/app/models/comedian.rb": [
        1,
        null,
        1,
        1,
        null,
        1,
        26,
        null,
        null,
        null,
        null
      ],
      "/Users/DanDevOps/Desktop/Web design/MyCodeCraft/content_catalogue/app/models/publisher.rb": [
        1,
        null,
        1,
        1,
        null,
        1,
        26,
        null,
        null,
        null
      ],
      "/Users/DanDevOps/Desktop/Web design/MyCodeCraft/content_catalogue/app/models/category.rb": [
        1,
        null,
        1,
        null,
        1,
        null,
        1,
        23,
        null,
        null,
        null
      ],
      "/Users/DanDevOps/Desktop/Web design/MyCodeCraft/content_catalogue/app/controllers/categories_controller.rb": [
        1,
        null,
        1,
        0,
        null,
        null,
        1,
        2,
        null,
        null,
        1,
        1,
        1,
        1,
        1,
        null,
        0,
        0,
        null,
        null,
        null,
        1,
        null,
        1,
        1,
        null,
        null,
        null,
        null
      ],
      "/Users/DanDevOps/Desktop/Web design/MyCodeCraft/content_catalogue/app/controllers/comedians_controller.rb": [
        1,
        null,
        1,
        0,
        null,
        null,
        1,
        2,
        null,
        null,
        1,
        1,
        1,
        1,
        1,
        null,
        0,
        0,
        null,
        null,
        null,
        null,
        1,
        null,
        1,
        null,
        null,
        null,
        null
      ],
      "/Users/DanDevOps/Desktop/Web design/MyCodeCraft/content_catalogue/app/controllers/publishers_controller.rb": [
        1,
        null,
        1,
        0,
        null,
        null,
        1,
        2,
        null,
        null,
        1,
        1,
        1,
        1,
        1,
        null,
        0,
        null,
        null,
        null,
        null,
        1,
        null,
        1,
        null,
        1,
        null,
        null,
        null,
        null,
        null,
        null
      ],
      "/Users/DanDevOps/Desktop/Web design/MyCodeCraft/content_catalogue/app/controllers/user_controller.rb": [
        1,
        null,
        1,
        null,
        1,
        2,
        null,
        null,
        null,
        1,
        1,
        1,
        1,
        1,
        null,
        0,
        0,
        null,
        null,
        null,
        null,
        1,
        null,
        1,
        null,
        1,
        null,
        null,
        null,
        null,
        null,
        null,
        null
      ],
      "/Users/DanDevOps/Desktop/Web design/MyCodeCraft/content_catalogue/app/channels/application_cable/channel.rb": [
        0,
        0,
        0,
        0
      ],
      "/Users/DanDevOps/Desktop/Web design/MyCodeCraft/content_catalogue/app/channels/application_cable/connection.rb": [
        0,
        0,
        0,
        0
      ],
      "/Users/DanDevOps/Desktop/Web design/MyCodeCraft/content_catalogue/app/controllers/application_controller.rb": [
        0,
        0,
        null,
        0,
        null,
        0,
        null,
        null,
        0,
        0,
        0,
        null,
        0,
        0,
        0,
        null,
        0,
        null,
        0,
        0,
        0,
        0,
        0,
        null,
        0,
        0,
        0,
        0,
        0,
        0,
        0,
        0,
        0,
        null,
        0,
        null,
        null,
        null
      ],
      "/Users/DanDevOps/Desktop/Web design/MyCodeCraft/content_catalogue/app/controllers/home_controller.rb": [
        0,
        null,
        0,
        0,
        0,
        null,
        0
      ],
      "/Users/DanDevOps/Desktop/Web design/MyCodeCraft/content_catalogue/app/controllers/pages_controller.rb": [
        0,
        0,
        0,
        0,
        0
      ],
      "/Users/DanDevOps/Desktop/Web design/MyCodeCraft/content_catalogue/app/helpers/application_helper.rb": [
        0,
        null,
        0
      ],
      "/Users/DanDevOps/Desktop/Web design/MyCodeCraft/content_catalogue/app/jobs/application_job.rb": [
        0,
        0
      ],
      "/Users/DanDevOps/Desktop/Web design/MyCodeCraft/content_catalogue/app/mailers/application_mailer.rb": [
        0,
        0,
        0,
        0
      ],
      "/Users/DanDevOps/Desktop/Web design/MyCodeCraft/content_catalogue/app/models/application_record.rb": [
        0,
        0,
        0
      ],
      "/Users/DanDevOps/Desktop/Web design/MyCodeCraft/content_catalogue/app/models/user.rb": [
        0,
        null,
        null,
        0,
        null,
        0,
        0,
        null,
        0,
        null,
        0,
        null,
        null
      ]
    },
    "timestamp": 1508520631
  },
  "RSpec": {
    "coverage": {
      "/Users/DanDevOps/Desktop/Web design/MyCodeCraft/content_catalogue/app/models/category.rb": [
        1,
        null,
        1,
        null,
        1,
        null,
        1,
        0,
        null,
        null,
        null
      ],
      "/Users/DanDevOps/Desktop/Web design/MyCodeCraft/content_catalogue/app/models/comedian.rb": [
        1,
        null,
        1,
        1,
        null,
        1,
        0,
        null,
        null,
        null,
        null
      ],
      "/Users/DanDevOps/Desktop/Web design/MyCodeCraft/content_catalogue/app/models/publisher.rb": [
        1,
        null,
        1,
        1,
        null,
        1,
        0,
        null,
        null,
        null
      ],
      "/Users/DanDevOps/Desktop/Web design/MyCodeCraft/content_catalogue/app/models/video.rb": [
        1,
        1,
        null,
        1,
        1,
        1,
        null,
        1,
        1,
        1,
        1,
        null,
        1,
        0,
        null,
        1,
        0,
        null,
        1,
        0,
        null,
        1,
        0,
        null,
        null,
        1,
        0,
        null,
        null,
        1,
        0,
        null,
        null,
        1,
        0,
        0,
        null,
        0,
        null,
        0,
        null,
        0,
        null,
        0,
        null,
        0,
        null,
        null,
        null,
        1,
        0,
        null,
        null,
        null,
        1,
        0,
        0,
        0,
        0,
        null,
        0,
        null,
        null,
        0,
        null,
        null,
        null,
        0,
        null,
        0,
        0,
        null,
        null,
        null,
        1,
        null,
        null,
        null,
        null,
        null,
        null,
        null,
        null,
        null,
        null,
        null,
        1,
        null,
        0,
        null,
        null,
        null,
        null,
        null,
        null,
        null,
        null,
        null,
        null,
        null
      ],
      "/Users/DanDevOps/Desktop/Web design/MyCodeCraft/content_catalogue/app/channels/application_cable/channel.rb": [
        0,
        0,
        0,
        0
      ],
      "/Users/DanDevOps/Desktop/Web design/MyCodeCraft/content_catalogue/app/channels/application_cable/connection.rb": [
        0,
        0,
        0,
        0
      ],
      "/Users/DanDevOps/Desktop/Web design/MyCodeCraft/content_catalogue/app/controllers/application_controller.rb": [
        0,
        0,
        null,
        0,
        null,
        0,
        null,
        null,
        0,
        0,
        0,
        null,
        0,
        0,
        0,
        null,
        0,
        null,
        0,
        0,
        0,
        0,
        0,
        null,
        0,
        0,
        0,
        0,
        0,
        0,
        0,
        0,
        0,
        null,
        0,
        null,
        null,
        null
      ],
      "/Users/DanDevOps/Desktop/Web design/MyCodeCraft/content_catalogue/app/controllers/categories_controller.rb": [
        0,
        null,
        0,
        0,
        0,
        null,
        0,
        0,
        0,
        null,
        0,
        0,
        0,
        0,
        0,
        0,
        0,
        0,
        0,
        0,
        null,
        0,
        null,
        0,
        0,
        0,
        0,
        null,
        null
      ],
      "/Users/DanDevOps/Desktop/Web design/MyCodeCraft/content_catalogue/app/controllers/comedians_controller.rb": [
        0,
        null,
        0,
        0,
        0,
        null,
        0,
        0,
        0,
        null,
        0,
        0,
        0,
        0,
        0,
        0,
        0,
        0,
        0,
        0,
        null,
        null,
        0,
        0,
        0,
        0,
        null,
        0,
        null
      ],
      "/Users/DanDevOps/Desktop/Web design/MyCodeCraft/content_catalogue/app/controllers/home_controller.rb": [
        0,
        null,
        0,
        0,
        0,
        null,
        0
      ],
      "/Users/DanDevOps/Desktop/Web design/MyCodeCraft/content_catalogue/app/controllers/pages_controller.rb": [
        0,
        0,
        0,
        0,
        0
      ],
      "/Users/DanDevOps/Desktop/Web design/MyCodeCraft/content_catalogue/app/controllers/publishers_controller.rb": [
        0,
        null,
        0,
        0,
        0,
        null,
        0,
        0,
        0,
        null,
        0,
        0,
        0,
        0,
        0,
        0,
        0,
        0,
        0,
        null,
        null,
        0,
        null,
        0,
        0,
        0,
        0,
        0,
        null,
        null,
        null,
        null
      ],
      "/Users/DanDevOps/Desktop/Web design/MyCodeCraft/content_catalogue/app/controllers/user_controller.rb": [
        0,
        null,
        0,
        null,
        0,
        0,
        0,
        null,
        null,
        0,
        0,
        0,
        0,
        0,
        0,
        0,
        0,
        0,
        0,
        null,
        null,
        0,
        null,
        0,
        0,
        0,
        0,
        0,
        0,
        0,
        0,
        0,
        0
      ],
      "/Users/DanDevOps/Desktop/Web design/MyCodeCraft/content_catalogue/app/controllers/videos_controller.rb": [
        0,
        null,
        0,
        0,
        0,
        0,
        null,
        0,
        0,
        0,
        0,
        0,
        0,
        0,
        0,
        0,
        0,
        0,
        null,
        0,
        0,
        0,
        0,
        null,
        0,
        null,
        0,
        0,
        0,
        null,
        null,
        0,
        0,
        0,
        0,
        0,
        0,
        null,
        null,
        0,
        0,
        0,
        0,
        0,
        0,
        0,
        0,
        0,
        0,
        0,
        0,
        null,
        0,
        null,
        null,
        0,
        null,
        0,
        0,
        0,
        0,
        0,
        0,
        0,
        0,
        0,
        0,
        0,
        0,
        null,
        0,
        null,
        null
      ],
      "/Users/DanDevOps/Desktop/Web design/MyCodeCraft/content_catalogue/app/helpers/application_helper.rb": [
        0,
        null,
        0
      ],
      "/Users/DanDevOps/Desktop/Web design/MyCodeCraft/content_catalogue/app/jobs/application_job.rb": [
        0,
        0
      ],
      "/Users/DanDevOps/Desktop/Web design/MyCodeCraft/content_catalogue/app/mailers/application_mailer.rb": [
        0,
        0,
        0,
        0
      ],
      "/Users/DanDevOps/Desktop/Web design/MyCodeCraft/content_catalogue/app/models/application_record.rb": [
        0,
        0,
        0
      ],
      "/Users/DanDevOps/Desktop/Web design/MyCodeCraft/content_catalogue/app/models/user.rb": [
        0,
        null,
        null,
        0,
        null,
        0,
        0,
        null,
        0,
        null,
        0,
        null,
        null
      ]
    },
    "timestamp": 1507905848
  }
}
